<?xml version="1.0" encoding="UTF-8"?>
<!-- Generated by org.testng.reporters.JUnitReportReporter -->
<testsuite skipped="0" hostname="DESKTOP-H0SHG5R" name="testcases.HomeTest" tests="1" failures="0" timestamp="2022-10-15T05:15:38 IST" time="3.941" errors="0">
  <testcase name="Test" time="3.941" classname="testcases.HomeTest"/>
  <system-out/>
</testsuite> <!-- testcases.HomeTest -->
