<?xml version="1.0" encoding="UTF-8"?>
<!-- Generated by org.testng.reporters.JUnitReportReporter -->
<testsuite skipped="0" hostname="DESKTOP-H0SHG5R" name="testcases.SimplilearnLoginTest" tests="3" failures="0" timestamp="2022-10-15T05:15:38 IST" time="51.450" errors="0">
  <testcase name="Test2" time="17.189" classname="testcases.SimplilearnLoginTest"/>
  <system-out/>
  <testcase name="Test3" time="17.747" classname="testcases.SimplilearnLoginTest"/>
  <system-out/>
  <testcase name="Test1" time="16.514" classname="testcases.SimplilearnLoginTest"/>
  <system-out/>
</testsuite> <!-- testcases.SimplilearnLoginTest -->
